<?xml version="1.0" encoding="UTF-8"?>
<robot generator="Robot 3.2.2 (Python 3.6.5 on win32)" generated="20200918 08:21:00.426" rpa="false">
<suite id="s1" name="Editprogram" source="C:\Users\surya lakshmi\PycharmProjects\edit program\tests\editprogram.robot">
<test id="s1-t1" name="open flair">
<kw name="Open Browser" library="SeleniumLibrary">
<doc>Opens a new browser instance to the optional ``url``.</doc>
<arguments>
<arg>https://eficensit-test-8b2e9.web.app/</arg>
<arg>gc</arg>
</arguments>
<msg timestamp="20200918 08:21:00.630" level="INFO">Opening browser 'gc' to base url 'https://eficensit-test-8b2e9.web.app/'.</msg>
<status status="PASS" starttime="20200918 08:21:00.630" endtime="20200918 08:21:12.888"></status>
</kw>
<kw name="Maximize Browser Window" library="SeleniumLibrary">
<doc>Maximizes current browser window.</doc>
<status status="PASS" starttime="20200918 08:21:12.889" endtime="20200918 08:21:15.067"></status>
</kw>
<kw name="Sleep" library="BuiltIn">
<doc>Pauses the test executed for the given time.</doc>
<arguments>
<arg>3s</arg>
</arguments>
<msg timestamp="20200918 08:21:18.072" level="INFO">Slept 3 seconds</msg>
<status status="PASS" starttime="20200918 08:21:15.068" endtime="20200918 08:21:18.072"></status>
</kw>
<kw name="Input Text" library="SeleniumLibrary">
<doc>Types the given ``text`` into the text field identified by ``locator``.</doc>
<arguments>
<arg>//*[@id="email"]</arg>
<arg>farookhs@flairtechno.com</arg>
</arguments>
<msg timestamp="20200918 08:21:18.072" level="INFO">Typing text 'farookhs@flairtechno.com' into text field '//*[@id="email"]'.</msg>
<status status="PASS" starttime="20200918 08:21:18.072" endtime="20200918 08:21:18.312"></status>
</kw>
<kw name="Sleep" library="BuiltIn">
<doc>Pauses the test executed for the given time.</doc>
<arguments>
<arg>3s</arg>
</arguments>
<msg timestamp="20200918 08:21:21.341" level="INFO">Slept 3 seconds</msg>
<status status="PASS" starttime="20200918 08:21:18.313" endtime="20200918 08:21:21.341"></status>
</kw>
<kw name="Input Text" library="SeleniumLibrary">
<doc>Types the given ``text`` into the text field identified by ``locator``.</doc>
<arguments>
<arg>//*[@id="password"]</arg>
<arg>Sasi@123</arg>
</arguments>
<msg timestamp="20200918 08:21:21.342" level="INFO">Typing text 'Sasi@123' into text field '//*[@id="password"]'.</msg>
<status status="PASS" starttime="20200918 08:21:21.342" endtime="20200918 08:21:21.503"></status>
</kw>
<kw name="Sleep" library="BuiltIn">
<doc>Pauses the test executed for the given time.</doc>
<arguments>
<arg>3s</arg>
</arguments>
<msg timestamp="20200918 08:21:24.515" level="INFO">Slept 3 seconds</msg>
<status status="PASS" starttime="20200918 08:21:21.504" endtime="20200918 08:21:24.515"></status>
</kw>
<kw name="Click Element" library="SeleniumLibrary">
<doc>Click the element identified by ``locator``.</doc>
<arguments>
<arg>//*[@id="root"]/div/div/div/main/div[2]/div/form/button</arg>
</arguments>
<msg timestamp="20200918 08:21:24.515" level="INFO">Clicking element '//*[@id="root"]/div/div/div/main/div[2]/div/form/button'.</msg>
<status status="PASS" starttime="20200918 08:21:24.515" endtime="20200918 08:21:24.626"></status>
</kw>
<kw name="Sleep" library="BuiltIn">
<doc>Pauses the test executed for the given time.</doc>
<arguments>
<arg>5s</arg>
</arguments>
<msg timestamp="20200918 08:21:29.639" level="INFO">Slept 5 seconds</msg>
<status status="PASS" starttime="20200918 08:21:24.626" endtime="20200918 08:21:29.640"></status>
</kw>
<kw name="Wait Until Page Contains" library="SeleniumLibrary">
<doc>Waits until ``text`` appears on the current page.</doc>
<arguments>
<arg>Contact Information</arg>
</arguments>
<status status="PASS" starttime="20200918 08:21:29.641" endtime="20200918 08:21:32.098"></status>
</kw>
<kw name="Sleep" library="BuiltIn">
<doc>Pauses the test executed for the given time.</doc>
<arguments>
<arg>7s</arg>
</arguments>
<msg timestamp="20200918 08:21:39.111" level="INFO">Slept 7 seconds</msg>
<status status="PASS" starttime="20200918 08:21:32.098" endtime="20200918 08:21:39.111"></status>
</kw>
<kw name="Click Element" library="SeleniumLibrary">
<doc>Click the element identified by ``locator``.</doc>
<arguments>
<arg>//html/body/div[1]/div/div/div/div/main/div[3]/div[2]/div/div/div/div/div[2]/div/button/span[1]</arg>
</arguments>
<msg timestamp="20200918 08:21:39.112" level="INFO">Clicking element '//html/body/div[1]/div/div/div/div/main/div[3]/div[2]/div/div/div/div/div[2]/div/button/span[1]'.</msg>
<status status="PASS" starttime="20200918 08:21:39.112" endtime="20200918 08:21:39.296"></status>
</kw>
<kw name="Sleep" library="BuiltIn">
<doc>Pauses the test executed for the given time.</doc>
<arguments>
<arg>3s</arg>
</arguments>
<msg timestamp="20200918 08:21:42.303" level="INFO">Slept 3 seconds</msg>
<status status="PASS" starttime="20200918 08:21:39.296" endtime="20200918 08:21:42.303"></status>
</kw>
<kw name="Wait Until Page Contains" library="SeleniumLibrary">
<doc>Waits until ``text`` appears on the current page.</doc>
<arguments>
<arg>Emergency Contact:</arg>
</arguments>
<status status="PASS" starttime="20200918 08:21:42.304" endtime="20200918 08:21:42.333"></status>
</kw>
<kw name="Sleep" library="BuiltIn">
<doc>Pauses the test executed for the given time.</doc>
<arguments>
<arg>7s</arg>
</arguments>
<msg timestamp="20200918 08:21:49.342" level="INFO">Slept 7 seconds</msg>
<status status="PASS" starttime="20200918 08:21:42.333" endtime="20200918 08:21:49.342"></status>
</kw>
<kw name="Click Element" library="SeleniumLibrary">
<doc>Click the element identified by ``locator``.</doc>
<arguments>
<arg>//*[@id="root"]/div/div/div/div/main/div[3]/div[2]/div/div/div/div/div[2]/div/div[2]/div/div[1]/table/tbody/tr/td[4]/button</arg>
</arguments>
<msg timestamp="20200918 08:21:49.342" level="INFO">Clicking element '//*[@id="root"]/div/div/div/div/main/div[3]/div[2]/div/div/div/div/div[2]/div/div[2]/div/div[1]/table/tbody/tr/td[4]/button'.</msg>
<status status="PASS" starttime="20200918 08:21:49.342" endtime="20200918 08:21:49.461"></status>
</kw>
<kw name="Sleep" library="BuiltIn">
<doc>Pauses the test executed for the given time.</doc>
<arguments>
<arg>3s</arg>
</arguments>
<msg timestamp="20200918 08:21:52.475" level="INFO">Slept 3 seconds</msg>
<status status="PASS" starttime="20200918 08:21:49.462" endtime="20200918 08:21:52.475"></status>
</kw>
<kw name="Clear Element Text" library="SeleniumLibrary">
<doc>Clears the value of the text-input-element identified by ``locator``.</doc>
<arguments>
<arg>//html/body/div[1]/div/div/div/div/main/div[3]/div[2]/div/div/div/div/div[2]/div/div[2]/div/div[3]/div/form/div/div/div[1]/div[1]/div/div/input</arg>
</arguments>
<status status="PASS" starttime="20200918 08:21:52.475" endtime="20200918 08:21:52.555"></status>
</kw>
<kw name="Sleep" library="BuiltIn">
<doc>Pauses the test executed for the given time.</doc>
<arguments>
<arg>5s</arg>
</arguments>
<msg timestamp="20200918 08:21:57.567" level="INFO">Slept 5 seconds</msg>
<status status="PASS" starttime="20200918 08:21:52.556" endtime="20200918 08:21:57.567"></status>
</kw>
<kw name="Input Text" library="SeleniumLibrary">
<doc>Types the given ``text`` into the text field identified by ``locator``.</doc>
<arguments>
<arg>//html/body/div[1]/div/div/div/div/main/div[3]/div[2]/div/div/div/div/div[2]/div/div[2]/div/div[3]/div/form/div/div/div[1]/div[1]/div/div/input</arg>
<arg>surya</arg>
</arguments>
<msg timestamp="20200918 08:21:57.568" level="INFO">Typing text 'surya' into text field '//html/body/div[1]/div/div/div/div/main/div[3]/div[2]/div/div/div/div/div[2]/div/div[2]/div/div[3]/div/form/div/div/div[1]/div[1]/div/div/input'.</msg>
<status status="PASS" starttime="20200918 08:21:57.568" endtime="20200918 08:21:57.736"></status>
</kw>
<kw name="Sleep" library="BuiltIn">
<doc>Pauses the test executed for the given time.</doc>
<arguments>
<arg>3s</arg>
</arguments>
<msg timestamp="20200918 08:22:00.739" level="INFO">Slept 3 seconds</msg>
<status status="PASS" starttime="20200918 08:21:57.736" endtime="20200918 08:22:00.739"></status>
</kw>
<kw name="Close Browser" library="SeleniumLibrary">
<doc>Closes the current browser.</doc>
<status status="PASS" starttime="20200918 08:22:00.739" endtime="20200918 08:22:02.948"></status>
</kw>
<status status="PASS" starttime="20200918 08:21:00.629" endtime="20200918 08:22:02.949" critical="yes"></status>
</test>
<status status="PASS" starttime="20200918 08:21:00.427" endtime="20200918 08:22:02.951"></status>
</suite>
<statistics>
<total>
<stat pass="1" fail="0">Critical Tests</stat>
<stat pass="1" fail="0">All Tests</stat>
</total>
<tag>
</tag>
<suite>
<stat pass="1" fail="0" id="s1" name="Editprogram">Editprogram</stat>
</suite>
</statistics>
<errors>
</errors>
</robot>
