<?xml version="1.0" encoding="UTF-8"?>
<robot generator="Robot 3.2.2 (Python 3.6.5 on win32)" generated="20210622 14:14:58.566" rpa="false">
<suite id="s1" name="Wiki" source="C:\Users\surya lakshmi\PycharmProjects\instagram\tests\wiki.robot">
<test id="s1-t1" name="open flair">
<kw name="Open Browser" library="SeleniumLibrary">
<doc>Opens a new browser instance to the optional ``url``.</doc>
<arguments>
<arg>https://www.instagram.com/</arg>
<arg>gc</arg>
</arguments>
<msg timestamp="20210622 14:14:58.771" level="INFO">Opening browser 'gc' to base url 'https://www.instagram.com/'.</msg>
<status status="PASS" starttime="20210622 14:14:58.770" endtime="20210622 14:15:04.558"></status>
</kw>
<kw name="Maximize Browser Window" library="SeleniumLibrary">
<doc>Maximizes current browser window.</doc>
<status status="PASS" starttime="20210622 14:15:04.560" endtime="20210622 14:15:04.697"></status>
</kw>
<status status="PASS" starttime="20210622 14:14:58.769" endtime="20210622 14:15:04.698" critical="yes"></status>
</test>
<status status="PASS" starttime="20210622 14:14:58.568" endtime="20210622 14:15:04.701"></status>
</suite>
<statistics>
<total>
<stat pass="1" fail="0">Critical Tests</stat>
<stat pass="1" fail="0">All Tests</stat>
</total>
<tag>
</tag>
<suite>
<stat pass="1" fail="0" id="s1" name="Wiki">Wiki</stat>
</suite>
</statistics>
<errors>
</errors>
</robot>
