<?xml version="1.0" encoding="UTF-8"?>
<robot generator="Robot 3.2.2 (Python 3.6.5 on win32)" generated="20201001 11:06:57.755" rpa="false">
<suite id="s1" name="Editplacement" source="C:\Users\surya lakshmi\PycharmProjects\edit placement\tests\editplacement.robot">
<test id="s1-t1" name="open flair">
<kw name="Open Browser" library="SeleniumLibrary">
<doc>Opens a new browser instance to the optional ``url``.</doc>
<arguments>
<arg>https://eficensit-test-8b2e9.web.app/</arg>
<arg>gc</arg>
</arguments>
<msg timestamp="20201001 11:06:57.916" level="INFO">Opening browser 'gc' to base url 'https://eficensit-test-8b2e9.web.app/'.</msg>
<status status="PASS" starttime="20201001 11:06:57.915" endtime="20201001 11:07:57.120"></status>
</kw>
<kw name="Maximize Browser Window" library="SeleniumLibrary">
<doc>Maximizes current browser window.</doc>
<status status="PASS" starttime="20201001 11:07:57.121" endtime="20201001 11:07:59.325"></status>
</kw>
<kw name="Sleep" library="BuiltIn">
<doc>Pauses the test executed for the given time.</doc>
<arguments>
<arg>3s</arg>
</arguments>
<msg timestamp="20201001 11:08:02.327" level="INFO">Slept 3 seconds</msg>
<status status="PASS" starttime="20201001 11:07:59.325" endtime="20201001 11:08:02.327"></status>
</kw>
<kw name="Input Text" library="SeleniumLibrary">
<doc>Types the given ``text`` into the text field identified by ``locator``.</doc>
<arguments>
<arg>//*[@id="email"]</arg>
<arg>admin@eficensittest.com</arg>
</arguments>
<msg timestamp="20201001 11:08:02.329" level="INFO">Typing text 'admin@eficensittest.com' into text field '//*[@id="email"]'.</msg>
<status status="PASS" starttime="20201001 11:08:02.328" endtime="20201001 11:08:02.568"></status>
</kw>
<kw name="Sleep" library="BuiltIn">
<doc>Pauses the test executed for the given time.</doc>
<arguments>
<arg>3s</arg>
</arguments>
<msg timestamp="20201001 11:08:05.587" level="INFO">Slept 3 seconds</msg>
<status status="PASS" starttime="20201001 11:08:02.569" endtime="20201001 11:08:05.587"></status>
</kw>
<kw name="Input Text" library="SeleniumLibrary">
<doc>Types the given ``text`` into the text field identified by ``locator``.</doc>
<arguments>
<arg>//*[@id="password"]</arg>
<arg>eficensit123</arg>
</arguments>
<msg timestamp="20201001 11:08:05.587" level="INFO">Typing text 'eficensit123' into text field '//*[@id="password"]'.</msg>
<status status="PASS" starttime="20201001 11:08:05.587" endtime="20201001 11:08:05.793"></status>
</kw>
<kw name="Sleep" library="BuiltIn">
<doc>Pauses the test executed for the given time.</doc>
<arguments>
<arg>3s</arg>
</arguments>
<msg timestamp="20201001 11:08:08.816" level="INFO">Slept 3 seconds</msg>
<status status="PASS" starttime="20201001 11:08:05.794" endtime="20201001 11:08:08.816"></status>
</kw>
<kw name="Click Element" library="SeleniumLibrary">
<doc>Click the element identified by ``locator``.</doc>
<arguments>
<arg>//*[@id="root"]/div/div/div/main/div[2]/div/form/button</arg>
</arguments>
<msg timestamp="20201001 11:08:08.819" level="INFO">Clicking element '//*[@id="root"]/div/div/div/main/div[2]/div/form/button'.</msg>
<status status="PASS" starttime="20201001 11:08:08.818" endtime="20201001 11:08:08.955"></status>
</kw>
<kw name="Sleep" library="BuiltIn">
<doc>Pauses the test executed for the given time.</doc>
<arguments>
<arg>3s</arg>
</arguments>
<msg timestamp="20201001 11:08:11.963" level="INFO">Slept 3 seconds</msg>
<status status="PASS" starttime="20201001 11:08:08.956" endtime="20201001 11:08:11.963"></status>
</kw>
<status status="PASS" starttime="20201001 11:06:57.915" endtime="20201001 11:08:11.965" critical="yes"></status>
</test>
<status status="PASS" starttime="20201001 11:06:57.757" endtime="20201001 11:08:11.969"></status>
</suite>
<statistics>
<total>
<stat pass="1" fail="0">Critical Tests</stat>
<stat pass="1" fail="0">All Tests</stat>
</total>
<tag>
</tag>
<suite>
<stat pass="1" fail="0" id="s1" name="Editplacement">Editplacement</stat>
</suite>
</statistics>
<errors>
</errors>
</robot>
