<?xml version="1.0" encoding="UTF-8"?>
<robot generator="Robot 3.2.2 (Python 3.6.5 on win32)" generated="20210401 19:40:07.744" rpa="false">
<suite id="s1" name="Flairopenpage" source="C:\Users\surya lakshmi\PycharmProjects\flairopenpage\tests\flairopenpage.robot">
<test id="s1-t1" name="open flair">
<kw name="this test case for upper and lower" library="keywords">
<kw name="Open Browser" library="SeleniumLibrary">
<doc>Opens a new browser instance to the optional ``url``.</doc>
<arguments>
<arg>https://eficensit-test-8b2e9.web.app/</arg>
<arg>gc</arg>
</arguments>
<msg timestamp="20210401 19:40:07.914" level="INFO">Opening browser 'gc' to base url 'https://eficensit-test-8b2e9.web.app/'.</msg>
<status status="PASS" starttime="20210401 19:40:07.914" endtime="20210401 19:40:13.235"></status>
</kw>
<kw name="Maximize Browser Window" library="SeleniumLibrary">
<doc>Maximizes current browser window.</doc>
<status status="PASS" starttime="20210401 19:40:13.235" endtime="20210401 19:40:16.910"></status>
</kw>
<kw name="Sleep" library="BuiltIn">
<doc>Pauses the test executed for the given time.</doc>
<arguments>
<arg>3s</arg>
</arguments>
<msg timestamp="20210401 19:40:19.912" level="INFO">Slept 3 seconds</msg>
<status status="PASS" starttime="20210401 19:40:16.910" endtime="20210401 19:40:19.912"></status>
</kw>
<kw name="Click Element" library="SeleniumLibrary">
<doc>Click the element identified by ``locator``.</doc>
<arguments>
<arg>${sign in}</arg>
</arguments>
<msg timestamp="20210401 19:40:19.912" level="INFO">Clicking element '//*[@id="root"]/div/div/div/main/div[2]/div/form/button'.</msg>
<kw name="Capture Page Screenshot" library="SeleniumLibrary">
<doc>Takes a screenshot of the current page and embeds it into a log file.</doc>
<msg timestamp="20210401 19:40:20.433" level="INFO" html="yes">&lt;/td&gt;&lt;/tr&gt;&lt;tr&gt;&lt;td colspan="3"&gt;&lt;a href="selenium-screenshot-1.png"&gt;&lt;img src="selenium-screenshot-1.png" width="800px"&gt;&lt;/a&gt;</msg>
<status status="PASS" starttime="20210401 19:40:19.923" endtime="20210401 19:40:20.434"></status>
</kw>
<msg timestamp="20210401 19:40:20.438" level="FAIL">Element with locator '//*[@id="root"]/div/div/div/main/div[2]/div/form/button' not found.</msg>
<status status="FAIL" starttime="20210401 19:40:19.912" endtime="20210401 19:40:20.439"></status>
</kw>
<status status="FAIL" starttime="20210401 19:40:07.914" endtime="20210401 19:40:20.439"></status>
</kw>
<doc>this test case for upper and lower</doc>
<status status="FAIL" starttime="20210401 19:40:07.912" endtime="20210401 19:40:20.440" critical="yes">Element with locator '//*[@id="root"]/div/div/div/main/div[2]/div/form/button' not found.</status>
</test>
<doc>this test case for upper and lower</doc>
<status status="FAIL" starttime="20210401 19:40:07.744" endtime="20210401 19:40:20.441"></status>
</suite>
<statistics>
<total>
<stat pass="0" fail="1">Critical Tests</stat>
<stat pass="0" fail="1">All Tests</stat>
</total>
<tag>
</tag>
<suite>
<stat pass="0" fail="1" id="s1" name="Flairopenpage">Flairopenpage</stat>
</suite>
</statistics>
<errors>
</errors>
</robot>
