<?xml version="1.0" encoding="UTF-8"?>
<robot generator="Robot 3.2.2 (Python 3.6.5 on win32)" generated="20200914 13:47:17.032" rpa="false">
<suite id="s1" name="Surya" source="C:\Users\surya lakshmi\PycharmProjects\suryalakshmi\tests\surya.robot">
<test id="s1-t1" name="user must sign in to check out">
<kw name="Open Browser" library="SeleniumLibrary">
<doc>Opens a new browser instance to the optional ``url``.</doc>
<arguments>
<arg>http://www.youtube.com</arg>
<arg>gc</arg>
</arguments>
<msg timestamp="20200914 13:47:17.217" level="INFO">Opening browser 'gc' to base url 'http://www.youtube.com'.</msg>
<status status="PASS" starttime="20200914 13:47:17.217" endtime="20200914 13:47:24.433"></status>
</kw>
<kw name="Sleep" library="BuiltIn">
<doc>Pauses the test executed for the given time.</doc>
<arguments>
<arg>5s</arg>
</arguments>
<msg timestamp="20200914 13:47:29.436" level="INFO">Slept 5 seconds</msg>
<status status="PASS" starttime="20200914 13:47:24.433" endtime="20200914 13:47:29.436"></status>
</kw>
<kw name="Input Text" library="SeleniumLibrary">
<doc>Types the given ``text`` into the text field identified by ``locator``.</doc>
<arguments>
<arg>//html/body/ytd-app/div/div/ytd-masthead/div[3]/div[2]/ytd-searchbox/form/div/div[1]/input</arg>
<arg>tiktok vedios</arg>
</arguments>
<msg timestamp="20200914 13:47:29.436" level="INFO">Typing text 'tiktok vedios' into text field '//html/body/ytd-app/div/div/ytd-masthead/div[3]/div[2]/ytd-searchbox/form/div/div[1]/input'.</msg>
<status status="PASS" starttime="20200914 13:47:29.436" endtime="20200914 13:47:29.654"></status>
</kw>
<kw name="Sleep" library="BuiltIn">
<doc>Pauses the test executed for the given time.</doc>
<arguments>
<arg>5s</arg>
</arguments>
<msg timestamp="20200914 13:47:34.656" level="INFO">Slept 5 seconds</msg>
<status status="PASS" starttime="20200914 13:47:29.655" endtime="20200914 13:47:34.656"></status>
</kw>
<kw name="Click Element" library="SeleniumLibrary">
<doc>Click the element identified by ``locator``.</doc>
<arguments>
<arg>//*[@id="search-icon-legacy"]/yt-icon</arg>
</arguments>
<msg timestamp="20200914 13:47:34.660" level="INFO">Clicking element '//*[@id="search-icon-legacy"]/yt-icon'.</msg>
<status status="PASS" starttime="20200914 13:47:34.656" endtime="20200914 13:47:34.808"></status>
</kw>
<kw name="Sleep" library="BuiltIn">
<doc>Pauses the test executed for the given time.</doc>
<arguments>
<arg>5s</arg>
</arguments>
<msg timestamp="20200914 13:47:39.824" level="INFO">Slept 5 seconds</msg>
<status status="PASS" starttime="20200914 13:47:34.808" endtime="20200914 13:47:39.824"></status>
</kw>
<kw name="Close Browser" library="SeleniumLibrary">
<doc>Closes the current browser.</doc>
<status status="PASS" starttime="20200914 13:47:39.824" endtime="20200914 13:47:41.976"></status>
</kw>
<doc>this is some basics info about the test</doc>
<tags>
<tag>smoke</tag>
</tags>
<status status="PASS" starttime="20200914 13:47:17.216" endtime="20200914 13:47:41.978" critical="yes"></status>
</test>
<doc>This is some basics info about the whole suite</doc>
<status status="PASS" starttime="20200914 13:47:17.034" endtime="20200914 13:47:41.982"></status>
</suite>
<statistics>
<total>
<stat pass="1" fail="0">Critical Tests</stat>
<stat pass="1" fail="0">All Tests</stat>
</total>
<tag>
<stat pass="1" fail="0">smoke</stat>
</tag>
<suite>
<stat pass="1" fail="0" id="s1" name="Surya">Surya</stat>
</suite>
</statistics>
<errors>
</errors>
</robot>
